0 info it worked if it ends with ok
1 verbose cli [ 'D:\\Node\\\\node.exe',
1 verbose cli   'D:\\Node\\node_modules\\npm\\bin\\npm-cli.js',
1 verbose cli   'install',
1 verbose cli   '-g',
1 verbose cli   'node-gyp' ]
2 info using npm@2.10.1
3 info using node@v0.12.4
4 verbose install initial load of C:\Users\Marco\AppData\Roaming\npm\package.json
5 verbose readDependencies loading dependencies from C:\Users\Marco\AppData\Roaming\npm\package.json
6 silly cache add args [ 'node-gyp', null ]
7 verbose cache add spec node-gyp
8 silly cache add parsed spec { raw: 'node-gyp',
8 silly cache add   scope: null,
8 silly cache add   name: 'node-gyp',
8 silly cache add   rawSpec: '',
8 silly cache add   spec: '*',
8 silly cache add   type: 'range' }
9 silly addNamed node-gyp@*
10 verbose addNamed "*" is a valid semver range for node-gyp
11 silly addNameRange { name: 'node-gyp', range: '*', hasData: false }
12 silly mapToRegistry name node-gyp
13 silly mapToRegistry using default registry
14 silly mapToRegistry registry https://registry.npmjs.org/
15 silly mapToRegistry uri https://registry.npmjs.org/node-gyp
16 verbose addNameRange registry:https://registry.npmjs.org/node-gyp not in flight; fetching
17 verbose request uri https://registry.npmjs.org/node-gyp
18 verbose request no auth needed
19 info attempt registry request try #1 at 19:59:46
20 verbose request id 2843ffbf39fa78f7
21 http request GET https://registry.npmjs.org/node-gyp
22 http 402 https://registry.npmjs.org/node-gyp
23 verbose headers { 'content-type': 'application/json',
23 verbose headers   'cache-control': 'max-age=60',
23 verbose headers   'content-length': '35',
23 verbose headers   'accept-ranges': 'bytes',
23 verbose headers   date: 'Sun, 21 Jun 2015 22:59:47 GMT',
23 verbose headers   via: '1.1 varnish',
23 verbose headers   connection: 'keep-alive',
23 verbose headers   'x-served-by': 'cache-iad2134-IAD',
23 verbose headers   'x-cache': 'MISS',
23 verbose headers   'x-cache-hits': '0',
23 verbose headers   'x-timer': 'S1434927587.681514,VS0,VE43' }
24 silly get cb [ 402,
24 silly get   { 'content-type': 'application/json',
24 silly get     'cache-control': 'max-age=60',
24 silly get     'content-length': '35',
24 silly get     'accept-ranges': 'bytes',
24 silly get     date: 'Sun, 21 Jun 2015 22:59:47 GMT',
24 silly get     via: '1.1 varnish',
24 silly get     connection: 'keep-alive',
24 silly get     'x-served-by': 'cache-iad2134-IAD',
24 silly get     'x-cache': 'MISS',
24 silly get     'x-cache-hits': '0',
24 silly get     'x-timer': 'S1434927587.681514,VS0,VE43' } ]
25 verbose stack Error: npm license has expired : node-gyp
25 verbose stack     at CachingRegistryClient.<anonymous> (D:\Node\node_modules\npm\node_modules\npm-registry-client\lib\request.js:247:14)
25 verbose stack     at Request._callback (D:\Node\node_modules\npm\node_modules\npm-registry-client\lib\request.js:170:14)
25 verbose stack     at Request.self.callback (D:\Node\node_modules\npm\node_modules\request\request.js:368:22)
25 verbose stack     at Request.emit (events.js:110:17)
25 verbose stack     at Request.<anonymous> (D:\Node\node_modules\npm\node_modules\request\request.js:1219:14)
25 verbose stack     at Request.emit (events.js:129:20)
25 verbose stack     at IncomingMessage.<anonymous> (D:\Node\node_modules\npm\node_modules\request\request.js:1167:12)
25 verbose stack     at IncomingMessage.emit (events.js:129:20)
25 verbose stack     at _stream_readable.js:908:16
25 verbose stack     at process._tickCallback (node.js:355:11)
26 verbose statusCode 402
27 verbose pkgid node-gyp
28 verbose cwd C:\Users\Marco\Desktop\Pi\trabalhopi\nodepi
29 error Windows_NT 6.1.7601
30 error argv "D:\\Node\\\\node.exe" "D:\\Node\\node_modules\\npm\\bin\\npm-cli.js" "install" "-g" "node-gyp"
31 error node v0.12.4
32 error npm  v2.10.1
33 error code E402
34 error npm license has expired : node-gyp
35 error If you need help, you may report this error at:
35 error     <https://github.com/npm/npm/issues>
36 verbose exit [ 1, true ]
